{"contracts/DataProvider.sol":{"l":{"35":2,"36":2,"37":2,"45":2,"54":1,"55":1,"63":1,"64":1,"72":2,"73":2,"81":1,"82":1,"91":0,"93":0,"100":0,"109":1,"117":2,"131":3,"132":3,"134":3,"143":3,"144":3,"152":1,"156":1,"160":4,"164":1,"165":1,"166":1,"167":1,"171":2,"172":2,"173":2,"174":2},"path":"/home/rachit/Projects/lendersfinance/Protocol/contracts/DataProvider.sol","s":{"1":2,"2":2,"3":2,"4":2,"5":1,"6":1,"7":1,"8":1,"9":2,"10":2,"11":1,"12":1,"13":0,"14":0,"15":0,"16":1,"17":2,"18":3,"19":3,"20":3,"21":3,"22":3,"23":1,"24":1,"25":4,"26":1,"27":1,"28":1,"29":1,"30":2,"31":2,"32":2,"33":2},"b":{"1":[1,0],"2":[2,0]},"f":{"1":2,"2":2,"3":1,"4":1,"5":2,"6":1,"7":0,"8":1,"9":2,"10":3,"11":3,"12":1,"13":1,"14":4,"15":1,"16":2},"fnMap":{"1":{"name":"initialize","line":30,"loc":{"start":{"line":30,"column":4},"end":{"line":38,"column":4}}},"2":{"name":"getUserDetailsForGivenContract","line":40,"loc":{"start":{"line":40,"column":4},"end":{"line":46,"column":4}}},"3":{"name":"updateStatusIssueLoan","line":49,"loc":{"start":{"line":49,"column":4},"end":{"line":56,"column":4}}},"4":{"name":"updateStatusPaybackLoan","line":58,"loc":{"start":{"line":58,"column":4},"end":{"line":65,"column":4}}},"5":{"name":"updateStatusLiquidityIncr","line":67,"loc":{"start":{"line":67,"column":4},"end":{"line":74,"column":4}}},"6":{"name":"updateStatusLiquidityDecr","line":76,"loc":{"start":{"line":76,"column":4},"end":{"line":83,"column":4}}},"7":{"name":"getThePrice","line":85,"loc":{"start":{"line":85,"column":4},"end":{"line":101,"column":4}}},"8":{"name":"getInterestPaidStatus","line":103,"loc":{"start":{"line":103,"column":4},"end":{"line":110,"column":4}}},"9":{"name":"setInterestPaidStatus","line":112,"loc":{"start":{"line":112,"column":4},"end":{"line":118,"column":4}}},"10":{"name":"getValuesForInterestCalculation","line":120,"loc":{"start":{"line":120,"column":4},"end":{"line":135,"column":4}}},"11":{"name":"getContractAddress","line":137,"loc":{"start":{"line":137,"column":4},"end":{"line":145,"column":4}}},"12":{"name":"addContract","line":147,"loc":{"start":{"line":147,"column":4},"end":{"line":153,"column":4}}},"13":{"name":"getContracts","line":155,"loc":{"start":{"line":155,"column":4},"end":{"line":157,"column":4}}},"14":{"name":"returnProxy","line":159,"loc":{"start":{"line":159,"column":4},"end":{"line":161,"column":4}}},"15":{"name":"getUsedLiquidity","line":163,"loc":{"start":{"line":163,"column":4},"end":{"line":168,"column":4}}},"16":{"name":"getTotalLiquidity","line":170,"loc":{"start":{"line":170,"column":4},"end":{"line":175,"column":4}}}},"statementMap":{"1":{"start":{"line":35,"column":8},"end":{"line":35,"column":18}},"2":{"start":{"line":36,"column":8},"end":{"line":36,"column":18}},"3":{"start":{"line":37,"column":8},"end":{"line":37,"column":19}},"4":{"start":{"line":45,"column":8},"end":{"line":45,"column":46}},"5":{"start":{"line":54,"column":8},"end":{"line":54,"column":74}},"6":{"start":{"line":55,"column":8},"end":{"line":55,"column":35}},"7":{"start":{"line":63,"column":8},"end":{"line":63,"column":74}},"8":{"start":{"line":64,"column":8},"end":{"line":64,"column":36}},"9":{"start":{"line":72,"column":8},"end":{"line":72,"column":74}},"10":{"start":{"line":73,"column":8},"end":{"line":73,"column":37}},"11":{"start":{"line":81,"column":8},"end":{"line":81,"column":74}},"12":{"start":{"line":82,"column":8},"end":{"line":82,"column":37}},"13":{"start":{"line":91,"column":8},"end":{"line":91,"column":2377}},"14":{"start":{"line":93,"column":8},"end":{"line":93,"column":2460}},"15":{"start":{"line":100,"column":8},"end":{"line":100,"column":16}},"16":{"start":{"line":109,"column":8},"end":{"line":109,"column":41}},"17":{"start":{"line":117,"column":8},"end":{"line":117,"column":42}},"18":{"start":{"line":131,"column":8},"end":{"line":131,"column":51}},"19":{"start":{"line":132,"column":8},"end":{"line":132,"column":52}},"20":{"start":{"line":134,"column":8},"end":{"line":134,"column":33}},"21":{"start":{"line":143,"column":8},"end":{"line":143,"column":55}},"22":{"start":{"line":144,"column":8},"end":{"line":144,"column":20}},"23":{"start":{"line":152,"column":8},"end":{"line":152,"column":55}},"24":{"start":{"line":156,"column":8},"end":{"line":156,"column":27}},"25":{"start":{"line":160,"column":8},"end":{"line":160,"column":46}},"26":{"start":{"line":164,"column":8},"end":{"line":164,"column":45}},"27":{"start":{"line":165,"column":8},"end":{"line":165,"column":58}},"28":{"start":{"line":166,"column":8},"end":{"line":166,"column":43}},"29":{"start":{"line":167,"column":8},"end":{"line":167,"column":39}},"30":{"start":{"line":171,"column":8},"end":{"line":171,"column":45}},"31":{"start":{"line":172,"column":8},"end":{"line":172,"column":58}},"32":{"start":{"line":173,"column":8},"end":{"line":173,"column":43}},"33":{"start":{"line":174,"column":8},"end":{"line":174,"column":40}}},"branchMap":{"1":{"line":165,"type":"if","locations":[{"start":{"line":165,"column":8},"end":{"line":165,"column":8}},{"start":{"line":165,"column":8},"end":{"line":165,"column":8}}]},"2":{"line":172,"type":"if","locations":[{"start":{"line":172,"column":8},"end":{"line":172,"column":8}},{"start":{"line":172,"column":8},"end":{"line":172,"column":8}}]}}},"contracts/InterestRate.sol":{"l":{"23":2,"24":2,"32":2,"33":2,"34":2,"35":2,"45":2,"73":2,"74":2,"76":2,"77":2,"85":2},"path":"/home/rachit/Projects/lendersfinance/Protocol/contracts/InterestRate.sol","s":{"1":2,"2":2,"3":2,"4":2,"5":2,"6":2,"7":2,"8":2,"9":2,"10":2,"11":2,"12":2},"b":{},"f":{"1":2,"2":2,"3":2,"4":2},"fnMap":{"1":{"name":"initialize","line":20,"loc":{"start":{"line":20,"column":4},"end":{"line":25,"column":4}}},"2":{"name":"calculatePaymentAmount","line":27,"loc":{"start":{"line":27,"column":4},"end":{"line":36,"column":4}}},"3":{"name":"calculateInterest","line":39,"loc":{"start":{"line":39,"column":4},"end":{"line":78,"column":4}}},"4":{"name":"calculateSecurity","line":80,"loc":{"start":{"line":80,"column":4},"end":{"line":86,"column":4}}}},"statementMap":{"1":{"start":{"line":23,"column":8},"end":{"line":23,"column":26}},"2":{"start":{"line":24,"column":8},"end":{"line":24,"column":47}},"3":{"start":{"line":32,"column":8},"end":{"line":32,"column":78}},"4":{"start":{"line":33,"column":8},"end":{"line":33,"column":64}},"5":{"start":{"line":34,"column":8},"end":{"line":34,"column":66}},"6":{"start":{"line":35,"column":8},"end":{"line":35,"column":35}},"7":{"start":{"line":45,"column":8},"end":{"line":45,"column":1437}},"8":{"start":{"line":73,"column":8},"end":{"line":73,"column":42}},"9":{"start":{"line":74,"column":8},"end":{"line":74,"column":36}},"10":{"start":{"line":76,"column":8},"end":{"line":76,"column":40}},"11":{"start":{"line":77,"column":8},"end":{"line":77,"column":16}},"12":{"start":{"line":85,"column":8},"end":{"line":85,"column":72}}},"branchMap":{}},"contracts/interfaces/IDataProvider.sol":{"l":{},"path":"/home/rachit/Projects/lendersfinance/Protocol/contracts/interfaces/IDataProvider.sol","s":{},"b":{},"f":{},"fnMap":{},"statementMap":{},"branchMap":{}},"contracts/interfaces/IInterestRate.sol":{"l":{},"path":"/home/rachit/Projects/lendersfinance/Protocol/contracts/interfaces/IInterestRate.sol","s":{},"b":{},"f":{},"fnMap":{},"statementMap":{},"branchMap":{}},"contracts/interfaces/ILendersFactory.sol":{"l":{},"path":"/home/rachit/Projects/lendersfinance/Protocol/contracts/interfaces/ILendersFactory.sol","s":{},"b":{},"f":{},"fnMap":{},"statementMap":{},"branchMap":{}},"contracts/interfaces/IunERC20.sol":{"l":{},"path":"/home/rachit/Projects/lendersfinance/Protocol/contracts/interfaces/IunERC20.sol","s":{},"b":{},"f":{},"fnMap":{},"statementMap":{},"branchMap":{}},"contracts/LendersFactory.sol":{"l":{"33":4,"34":4,"35":4,"36":4,"37":4,"48":1,"49":1,"51":1,"52":1,"53":1,"55":1,"56":1,"58":1,"60":1,"64":2,"69":2,"70":2,"71":2,"72":2,"73":2,"88":2,"92":1,"97":1,"99":1,"105":1,"107":1,"115":1,"116":1,"120":1,"121":1,"122":1,"126":1,"127":1,"128":1,"136":1,"138":1,"140":1,"148":1,"154":1,"158":1,"162":7,"163":7,"173":7,"174":7},"path":"/home/rachit/Projects/lendersfinance/Protocol/contracts/LendersFactory.sol","s":{"1":4,"2":4,"3":4,"4":4,"5":4,"6":1,"7":1,"8":1,"9":1,"10":1,"11":1,"12":1,"13":1,"14":1,"15":2,"16":2,"17":2,"18":2,"19":2,"20":2,"21":2,"22":1,"23":1,"24":1,"25":1,"26":1,"27":1,"28":1,"29":1,"30":1,"31":1,"32":1,"33":1,"34":1,"35":1,"36":1,"37":1,"38":1,"39":1,"40":1,"41":7,"42":7,"43":7,"44":7},"b":{"1":[1,0],"2":[2,0],"3":[1,0],"4":[1,0],"5":[1,0]},"f":{"1":4,"2":1,"3":2,"4":1,"5":1,"6":1,"7":1,"8":1,"9":7,"10":7},"fnMap":{"1":{"name":"constructor","line":27,"loc":{"start":{"line":27,"column":4},"end":{"line":38,"column":4}}},"2":{"name":"createLiquidityContract","line":43,"loc":{"start":{"line":43,"column":4},"end":{"line":61,"column":4}}},"3":{"name":"addLiquidity","line":63,"loc":{"start":{"line":63,"column":4},"end":{"line":89,"column":4}}},"4":{"name":"withdrawLiquidity","line":91,"loc":{"start":{"line":91,"column":4},"end":{"line":108,"column":4}}},"5":{"name":"issueLoan","line":110,"loc":{"start":{"line":110,"column":4},"end":{"line":123,"column":4}}},"6":{"name":"paybackLoan","line":125,"loc":{"start":{"line":125,"column":4},"end":{"line":133,"column":4}}},"7":{"name":"balanceSupply","line":135,"loc":{"start":{"line":135,"column":4},"end":{"line":141,"column":4}}},"8":{"name":"payInterest","line":143,"loc":{"start":{"line":143,"column":4},"end":{"line":159,"column":4}}},"9":{"name":"getContractAddress","line":161,"loc":{"start":{"line":161,"column":4},"end":{"line":164,"column":4}}},"10":{"name":"returnProxyContract","line":167,"loc":{"start":{"line":167,"column":4},"end":{"line":175,"column":4}}}},"statementMap":{"1":{"start":{"line":33,"column":8},"end":{"line":33,"column":44}},"2":{"start":{"line":34,"column":8},"end":{"line":34,"column":49}},"3":{"start":{"line":35,"column":8},"end":{"line":35,"column":35}},"4":{"start":{"line":36,"column":8},"end":{"line":36,"column":43}},"5":{"start":{"line":37,"column":8},"end":{"line":37,"column":25}},"6":{"start":{"line":48,"column":8},"end":{"line":48,"column":76}},"7":{"start":{"line":49,"column":8},"end":{"line":49,"column":1635}},"8":{"start":{"line":51,"column":8},"end":{"line":51,"column":68}},"9":{"start":{"line":52,"column":8},"end":{"line":52,"column":66}},"10":{"start":{"line":53,"column":8},"end":{"line":53,"column":45}},"11":{"start":{"line":55,"column":8},"end":{"line":55,"column":55}},"12":{"start":{"line":56,"column":8},"end":{"line":56,"column":53}},"13":{"start":{"line":58,"column":8},"end":{"line":58,"column":52}},"14":{"start":{"line":60,"column":8},"end":{"line":60,"column":55}},"15":{"start":{"line":64,"column":8},"end":{"line":64,"column":2188}},"16":{"start":{"line":69,"column":8},"end":{"line":69,"column":58}},"17":{"start":{"line":70,"column":8},"end":{"line":70,"column":61}},"18":{"start":{"line":71,"column":8},"end":{"line":71,"column":66}},"19":{"start":{"line":72,"column":8},"end":{"line":72,"column":64}},"20":{"start":{"line":73,"column":8},"end":{"line":73,"column":2615}},"21":{"start":{"line":88,"column":8},"end":{"line":88,"column":54}},"22":{"start":{"line":92,"column":8},"end":{"line":92,"column":3166}},"23":{"start":{"line":97,"column":8},"end":{"line":97,"column":72}},"24":{"start":{"line":99,"column":8},"end":{"line":99,"column":3360}},"25":{"start":{"line":105,"column":8},"end":{"line":105,"column":59}},"26":{"start":{"line":107,"column":8},"end":{"line":107,"column":58}},"27":{"start":{"line":115,"column":8},"end":{"line":115,"column":72}},"28":{"start":{"line":116,"column":8},"end":{"line":116,"column":3820}},"29":{"start":{"line":120,"column":8},"end":{"line":120,"column":66}},"30":{"start":{"line":121,"column":8},"end":{"line":121,"column":77}},"31":{"start":{"line":122,"column":8},"end":{"line":122,"column":68}},"32":{"start":{"line":126,"column":8},"end":{"line":126,"column":72}},"33":{"start":{"line":127,"column":8},"end":{"line":127,"column":56}},"34":{"start":{"line":128,"column":8},"end":{"line":128,"column":4391}},"35":{"start":{"line":136,"column":8},"end":{"line":136,"column":72}},"36":{"start":{"line":138,"column":8},"end":{"line":138,"column":58}},"37":{"start":{"line":140,"column":8},"end":{"line":140,"column":21}},"38":{"start":{"line":148,"column":8},"end":{"line":148,"column":4945}},"39":{"start":{"line":154,"column":8},"end":{"line":154,"column":5131}},"40":{"start":{"line":158,"column":8},"end":{"line":158,"column":67}},"41":{"start":{"line":162,"column":8},"end":{"line":162,"column":67}},"42":{"start":{"line":163,"column":8},"end":{"line":163,"column":27}},"43":{"start":{"line":173,"column":8},"end":{"line":173,"column":67}},"44":{"start":{"line":174,"column":8},"end":{"line":174,"column":27}}},"branchMap":{"1":{"line":48,"type":"if","locations":[{"start":{"line":48,"column":8},"end":{"line":48,"column":8}},{"start":{"line":48,"column":8},"end":{"line":48,"column":8}}]},"2":{"line":64,"type":"if","locations":[{"start":{"line":64,"column":8},"end":{"line":64,"column":8}},{"start":{"line":64,"column":8},"end":{"line":64,"column":8}}]},"3":{"line":92,"type":"if","locations":[{"start":{"line":92,"column":8},"end":{"line":92,"column":8}},{"start":{"line":92,"column":8},"end":{"line":92,"column":8}}]},"4":{"line":116,"type":"if","locations":[{"start":{"line":116,"column":8},"end":{"line":116,"column":8}},{"start":{"line":116,"column":8},"end":{"line":116,"column":8}}]},"5":{"line":154,"type":"if","locations":[{"start":{"line":154,"column":8},"end":{"line":154,"column":8}},{"start":{"line":154,"column":8},"end":{"line":154,"column":8}}]}}},"contracts/libraries/helpers/Errors.sol":{"l":{},"path":"/home/rachit/Projects/lendersfinance/Protocol/contracts/libraries/helpers/Errors.sol","s":{},"b":{},"f":{},"fnMap":{},"statementMap":{},"branchMap":{}},"contracts/libraries/Math.sol":{"l":{"21":0,"22":0,"23":0,"24":0,"25":0,"27":0,"35":0,"36":0,"37":0,"38":0,"43":0,"44":0,"46":0,"50":0,"51":0,"52":0,"54":0,"59":0,"60":0,"61":0,"63":0},"path":"/home/rachit/Projects/lendersfinance/Protocol/contracts/libraries/Math.sol","s":{"1":0,"2":0,"3":0,"4":0,"5":0,"6":0,"7":0,"8":0,"9":0,"10":0,"11":0,"12":0,"13":0,"14":0,"15":0,"16":0,"17":0,"18":0,"19":0,"20":0,"21":0,"22":0,"23":0},"b":{"1":[0,0],"2":[0,0],"3":[0,0],"4":[0,0],"5":[0,0]},"f":{"1":0,"2":0,"3":0,"4":0,"5":0},"fnMap":{"1":{"name":"sqrt","line":20,"loc":{"start":{"line":20,"column":4},"end":{"line":28,"column":4}}},"2":{"name":"mexp","line":30,"loc":{"start":{"line":30,"column":4},"end":{"line":40,"column":4}}},"3":{"name":"abs","line":42,"loc":{"start":{"line":42,"column":4},"end":{"line":47,"column":4}}},"4":{"name":"u_pow","line":49,"loc":{"start":{"line":49,"column":4},"end":{"line":56,"column":4}}},"5":{"name":"pow","line":58,"loc":{"start":{"line":58,"column":4},"end":{"line":64,"column":4}}}},"statementMap":{"1":{"start":{"line":21,"column":8},"end":{"line":21,"column":25}},"2":{"start":{"line":22,"column":8},"end":{"line":22,"column":24}},"3":{"start":{"line":23,"column":8},"end":{"line":23,"column":881}},"4":{"start":{"line":24,"column":12},"end":{"line":24,"column":19}},"5":{"start":{"line":25,"column":12},"end":{"line":25,"column":30}},"6":{"start":{"line":27,"column":8},"end":{"line":27,"column":25}},"7":{"start":{"line":35,"column":8},"end":{"line":35,"column":12}},"8":{"start":{"line":36,"column":8},"end":{"line":36,"column":1140}},"9":{"start":{"line":37,"column":12},"end":{"line":37,"column":47}},"10":{"start":{"line":37,"column":28},"end":{"line":37,"column":46}},"11":{"start":{"line":38,"column":12},"end":{"line":38,"column":30}},"12":{"start":{"line":43,"column":8},"end":{"line":43,"column":1346}},"13":{"start":{"line":44,"column":12},"end":{"line":44,"column":30}},"14":{"start":{"line":46,"column":8},"end":{"line":46,"column":25}},"15":{"start":{"line":50,"column":8},"end":{"line":50,"column":28}},"16":{"start":{"line":50,"column":20},"end":{"line":50,"column":28}},"17":{"start":{"line":51,"column":8},"end":{"line":51,"column":1548}},"18":{"start":{"line":52,"column":12},"end":{"line":52,"column":38}},"19":{"start":{"line":54,"column":12},"end":{"line":54,"column":52}},"20":{"start":{"line":59,"column":8},"end":{"line":59,"column":43}},"21":{"start":{"line":60,"column":8},"end":{"line":60,"column":1818}},"22":{"start":{"line":61,"column":12},"end":{"line":61,"column":25}},"23":{"start":{"line":63,"column":8},"end":{"line":63,"column":16}}},"branchMap":{"1":{"line":37,"type":"if","locations":[{"start":{"line":37,"column":12},"end":{"line":37,"column":12}},{"start":{"line":37,"column":12},"end":{"line":37,"column":12}}]},"2":{"line":43,"type":"if","locations":[{"start":{"line":43,"column":8},"end":{"line":43,"column":8}},{"start":{"line":43,"column":8},"end":{"line":43,"column":8}}]},"3":{"line":50,"type":"if","locations":[{"start":{"line":50,"column":8},"end":{"line":50,"column":8}},{"start":{"line":50,"column":8},"end":{"line":50,"column":8}}]},"4":{"line":51,"type":"if","locations":[{"start":{"line":51,"column":8},"end":{"line":51,"column":8}},{"start":{"line":51,"column":8},"end":{"line":51,"column":8}}]},"5":{"line":60,"type":"if","locations":[{"start":{"line":60,"column":8},"end":{"line":60,"column":8}},{"start":{"line":60,"column":8},"end":{"line":60,"column":8}}]}}},"contracts/libraries/PercentageMath.sol":{"l":{"29":0,"30":0,"33":0,"38":0,"52":0,"53":0,"55":0,"60":0},"path":"/home/rachit/Projects/lendersfinance/Protocol/contracts/libraries/PercentageMath.sol","s":{"1":0,"2":0,"3":0,"4":0,"5":0,"6":0,"7":0,"8":0},"b":{"1":[0,0],"2":[0,0],"3":[0,0],"4":[0,0]},"f":{"1":0,"2":0},"fnMap":{"1":{"name":"percentMul","line":24,"loc":{"start":{"line":24,"column":4},"end":{"line":39,"column":4}}},"2":{"name":"percentDiv","line":47,"loc":{"start":{"line":47,"column":4},"end":{"line":61,"column":4}}}},"statementMap":{"1":{"start":{"line":29,"column":8},"end":{"line":29,"column":953}},"2":{"start":{"line":30,"column":12},"end":{"line":30,"column":20}},"3":{"start":{"line":33,"column":8},"end":{"line":33,"column":1031}},"4":{"start":{"line":38,"column":8},"end":{"line":38,"column":70}},"5":{"start":{"line":52,"column":8},"end":{"line":52,"column":61}},"6":{"start":{"line":53,"column":8},"end":{"line":53,"column":47}},"7":{"start":{"line":55,"column":8},"end":{"line":55,"column":1747}},"8":{"start":{"line":60,"column":8},"end":{"line":60,"column":72}}},"branchMap":{"1":{"line":29,"type":"if","locations":[{"start":{"line":29,"column":8},"end":{"line":29,"column":8}},{"start":{"line":29,"column":8},"end":{"line":29,"column":8}}]},"2":{"line":33,"type":"if","locations":[{"start":{"line":33,"column":8},"end":{"line":33,"column":8}},{"start":{"line":33,"column":8},"end":{"line":33,"column":8}}]},"3":{"line":52,"type":"if","locations":[{"start":{"line":52,"column":8},"end":{"line":52,"column":8}},{"start":{"line":52,"column":8},"end":{"line":52,"column":8}}]},"4":{"line":55,"type":"if","locations":[{"start":{"line":55,"column":8},"end":{"line":55,"column":8}},{"start":{"line":55,"column":8},"end":{"line":55,"column":8}}]}}},"contracts/libraries/WadRayMaths.sol":{"l":{"25":0,"33":0,"40":0,"47":0,"57":0,"58":0,"61":0,"66":0,"76":0,"77":0,"79":0,"84":0,"94":0,"95":0,"98":0,"103":0,"113":0,"114":0,"116":0,"121":0,"130":0,"131":0,"132":0,"134":0,"143":0,"144":0,"148":0},"path":"/home/rachit/Projects/lendersfinance/Protocol/contracts/libraries/WadRayMaths.sol","s":{"1":0,"2":0,"3":0,"4":0,"5":0,"6":0,"7":0,"8":0,"9":0,"10":0,"11":0,"12":0,"13":0,"14":0,"15":0,"16":0,"17":0,"18":0,"19":0,"20":0,"21":0,"22":0,"23":0,"24":0,"25":0,"26":0,"27":0},"b":{"1":[0,0],"2":[0,0],"3":[0,0],"4":[0,0],"5":[0,0],"6":[0,0],"7":[0,0],"8":[0,0],"9":[0,0],"10":[0,0]},"f":{"1":0,"2":0,"3":0,"4":0,"5":0,"6":0,"7":0,"8":0,"9":0,"10":0},"fnMap":{"1":{"name":"ray","line":24,"loc":{"start":{"line":24,"column":4},"end":{"line":26,"column":4}}},"2":{"name":"wad","line":32,"loc":{"start":{"line":32,"column":4},"end":{"line":34,"column":4}}},"3":{"name":"halfRay","line":39,"loc":{"start":{"line":39,"column":4},"end":{"line":41,"column":4}}},"4":{"name":"halfWad","line":46,"loc":{"start":{"line":46,"column":4},"end":{"line":48,"column":4}}},"5":{"name":"wadMul","line":56,"loc":{"start":{"line":56,"column":4},"end":{"line":67,"column":4}}},"6":{"name":"wadDiv","line":75,"loc":{"start":{"line":75,"column":4},"end":{"line":85,"column":4}}},"7":{"name":"rayMul","line":93,"loc":{"start":{"line":93,"column":4},"end":{"line":104,"column":4}}},"8":{"name":"rayDiv","line":112,"loc":{"start":{"line":112,"column":4},"end":{"line":122,"column":4}}},"9":{"name":"rayToWad","line":129,"loc":{"start":{"line":129,"column":4},"end":{"line":135,"column":4}}},"10":{"name":"wadToRay","line":142,"loc":{"start":{"line":142,"column":4},"end":{"line":149,"column":4}}}},"statementMap":{"1":{"start":{"line":25,"column":8},"end":{"line":25,"column":18}},"2":{"start":{"line":33,"column":8},"end":{"line":33,"column":18}},"3":{"start":{"line":40,"column":8},"end":{"line":40,"column":22}},"4":{"start":{"line":47,"column":8},"end":{"line":47,"column":22}},"5":{"start":{"line":57,"column":8},"end":{"line":57,"column":1331}},"6":{"start":{"line":58,"column":12},"end":{"line":58,"column":20}},"7":{"start":{"line":61,"column":8},"end":{"line":61,"column":1396}},"8":{"start":{"line":66,"column":8},"end":{"line":66,"column":38}},"9":{"start":{"line":76,"column":8},"end":{"line":76,"column":52}},"10":{"start":{"line":77,"column":8},"end":{"line":77,"column":29}},"11":{"start":{"line":79,"column":8},"end":{"line":79,"column":1898}},"12":{"start":{"line":84,"column":8},"end":{"line":84,"column":36}},"13":{"start":{"line":94,"column":8},"end":{"line":94,"column":2314}},"14":{"start":{"line":95,"column":12},"end":{"line":95,"column":20}},"15":{"start":{"line":98,"column":8},"end":{"line":98,"column":2379}},"16":{"start":{"line":103,"column":8},"end":{"line":103,"column":38}},"17":{"start":{"line":113,"column":8},"end":{"line":113,"column":52}},"18":{"start":{"line":114,"column":8},"end":{"line":114,"column":29}},"19":{"start":{"line":116,"column":8},"end":{"line":116,"column":2881}},"20":{"start":{"line":121,"column":8},"end":{"line":121,"column":36}},"21":{"start":{"line":130,"column":8},"end":{"line":130,"column":45}},"22":{"start":{"line":131,"column":8},"end":{"line":131,"column":38}},"23":{"start":{"line":132,"column":8},"end":{"line":132,"column":66}},"24":{"start":{"line":134,"column":8},"end":{"line":134,"column":37}},"25":{"start":{"line":143,"column":8},"end":{"line":143,"column":42}},"26":{"start":{"line":144,"column":8},"end":{"line":144,"column":3680}},"27":{"start":{"line":148,"column":8},"end":{"line":148,"column":21}}},"branchMap":{"1":{"line":57,"type":"if","locations":[{"start":{"line":57,"column":8},"end":{"line":57,"column":8}},{"start":{"line":57,"column":8},"end":{"line":57,"column":8}}]},"2":{"line":61,"type":"if","locations":[{"start":{"line":61,"column":8},"end":{"line":61,"column":8}},{"start":{"line":61,"column":8},"end":{"line":61,"column":8}}]},"3":{"line":76,"type":"if","locations":[{"start":{"line":76,"column":8},"end":{"line":76,"column":8}},{"start":{"line":76,"column":8},"end":{"line":76,"column":8}}]},"4":{"line":79,"type":"if","locations":[{"start":{"line":79,"column":8},"end":{"line":79,"column":8}},{"start":{"line":79,"column":8},"end":{"line":79,"column":8}}]},"5":{"line":94,"type":"if","locations":[{"start":{"line":94,"column":8},"end":{"line":94,"column":8}},{"start":{"line":94,"column":8},"end":{"line":94,"column":8}}]},"6":{"line":98,"type":"if","locations":[{"start":{"line":98,"column":8},"end":{"line":98,"column":8}},{"start":{"line":98,"column":8},"end":{"line":98,"column":8}}]},"7":{"line":113,"type":"if","locations":[{"start":{"line":113,"column":8},"end":{"line":113,"column":8}},{"start":{"line":113,"column":8},"end":{"line":113,"column":8}}]},"8":{"line":116,"type":"if","locations":[{"start":{"line":116,"column":8},"end":{"line":116,"column":8}},{"start":{"line":116,"column":8},"end":{"line":116,"column":8}}]},"9":{"line":132,"type":"if","locations":[{"start":{"line":132,"column":8},"end":{"line":132,"column":8}},{"start":{"line":132,"column":8},"end":{"line":132,"column":8}}]},"10":{"line":144,"type":"if","locations":[{"start":{"line":144,"column":8},"end":{"line":144,"column":8}},{"start":{"line":144,"column":8},"end":{"line":144,"column":8}}]}}},"contracts/Mocks/Dai.sol":{"l":{"7":8,"11":0},"path":"/home/rachit/Projects/lendersfinance/Protocol/contracts/Mocks/Dai.sol","s":{"1":8,"2":0},"b":{},"f":{"1":8,"2":0},"fnMap":{"1":{"name":"constructor","line":6,"loc":{"start":{"line":6,"column":4},"end":{"line":8,"column":4}}},"2":{"name":"mint","line":10,"loc":{"start":{"line":10,"column":4},"end":{"line":12,"column":4}}}},"statementMap":{"1":{"start":{"line":7,"column":8},"end":{"line":7,"column":32}},"2":{"start":{"line":11,"column":8},"end":{"line":11,"column":32}}},"branchMap":{}},"contracts/Mocks/Store.sol":{"l":{},"path":"/home/rachit/Projects/lendersfinance/Protocol/contracts/Mocks/Store.sol","s":{},"b":{},"f":{"1":1},"fnMap":{"1":{"name":"constructor","line":4,"loc":{"start":{"line":4,"column":4},"end":{"line":4,"column":19}}}},"statementMap":{},"branchMap":{}},"contracts/unERC20.sol":{"l":{"47":4,"48":4,"49":4,"50":4,"51":4,"52":4,"67":3,"68":3,"76":2,"78":2,"82":2,"87":2,"88":2,"96":6,"97":6,"101":4,"102":4,"103":4,"111":2,"116":2,"117":2,"118":2,"127":2,"128":2,"130":2,"131":3,"132":3,"133":3,"134":3,"135":1,"136":1,"137":1,"140":1,"143":1,"145":2,"149":2,"151":2,"155":4,"156":4,"166":1,"167":1,"168":1,"169":1,"178":1,"179":1,"180":1,"181":1,"186":1,"190":10,"194":9,"198":5,"206":1,"214":0,"218":0},"path":"/home/rachit/Projects/lendersfinance/Protocol/contracts/unERC20.sol","s":{"1":4,"2":4,"3":4,"4":4,"5":4,"6":4,"7":3,"8":3,"9":2,"10":2,"11":2,"12":2,"13":2,"14":6,"15":6,"16":4,"17":4,"18":4,"19":2,"20":2,"21":2,"22":2,"23":2,"24":2,"25":2,"26":3,"27":3,"28":3,"29":3,"30":1,"31":1,"32":1,"33":1,"34":2,"35":2,"36":4,"37":4,"38":1,"39":1,"40":1,"41":1,"42":0,"43":1,"44":1,"45":1,"46":1,"47":0,"48":1,"49":10,"50":9,"51":5,"52":1,"53":0,"54":0},"b":{"1":[2,0],"2":[2,0],"3":[6,0],"4":[4,2],"5":[2,0],"6":[1,2],"7":[1,0],"8":[1,0]},"f":{"1":4,"2":0,"3":3,"4":2,"5":6,"6":2,"7":2,"8":4,"9":1,"10":1,"11":1,"12":10,"13":9,"14":5,"15":1,"16":0,"17":0},"fnMap":{"1":{"name":"initialize","line":46,"loc":{"start":{"line":41,"column":4},"end":{"line":53,"column":4}}},"2":{"name":"_authorizeUpgrade","line":55,"loc":{"start":{"line":55,"column":4},"end":{"line":55,"column":69}}},"3":{"name":"increaseSupply","line":65,"loc":{"start":{"line":62,"column":4},"end":{"line":69,"column":4}}},"4":{"name":"decreaseSupply","line":74,"loc":{"start":{"line":71,"column":4},"end":{"line":89,"column":4}}},"5":{"name":"getLoan","line":95,"loc":{"start":{"line":91,"column":4},"end":{"line":104,"column":4}}},"6":{"name":"paybackLoan","line":109,"loc":{"start":{"line":106,"column":4},"end":{"line":119,"column":4}}},"7":{"name":"balanceSupply","line":124,"loc":{"start":{"line":121,"column":4},"end":{"line":152,"column":4}}},"8":{"name":"addBorrower","line":154,"loc":{"start":{"line":154,"column":4},"end":{"line":157,"column":4}}},"9":{"name":"transfer","line":160,"loc":{"start":{"line":160,"column":4},"end":{"line":171,"column":4}}},"10":{"name":"transferFrom","line":173,"loc":{"start":{"line":173,"column":4},"end":{"line":183,"column":4}}},"11":{"name":"getLiquidityByAddress","line":185,"loc":{"start":{"line":185,"column":4},"end":{"line":187,"column":4}}},"12":{"name":"getTotalLiquidity","line":189,"loc":{"start":{"line":189,"column":4},"end":{"line":191,"column":4}}},"13":{"name":"getAvailaibleSupply","line":193,"loc":{"start":{"line":193,"column":4},"end":{"line":195,"column":4}}},"14":{"name":"getUsedLiquidity","line":197,"loc":{"start":{"line":197,"column":4},"end":{"line":199,"column":4}}},"15":{"name":"getBorrowerDetails","line":201,"loc":{"start":{"line":201,"column":4},"end":{"line":207,"column":4}}},"16":{"name":"getBalanceSupplyCallPending","line":209,"loc":{"start":{"line":209,"column":4},"end":{"line":215,"column":4}}},"17":{"name":"getTokenAddress","line":217,"loc":{"start":{"line":217,"column":4},"end":{"line":219,"column":4}}}},"statementMap":{"1":{"start":{"line":47,"column":8},"end":{"line":47,"column":33}},"2":{"start":{"line":48,"column":8},"end":{"line":48,"column":35}},"3":{"start":{"line":49,"column":8},"end":{"line":49,"column":46}},"4":{"start":{"line":50,"column":8},"end":{"line":50,"column":35}},"5":{"start":{"line":51,"column":8},"end":{"line":51,"column":39}},"6":{"start":{"line":52,"column":8},"end":{"line":52,"column":44}},"7":{"start":{"line":67,"column":8},"end":{"line":67,"column":43}},"8":{"start":{"line":68,"column":8},"end":{"line":68,"column":31}},"9":{"start":{"line":76,"column":8},"end":{"line":76,"column":56}},"10":{"start":{"line":78,"column":8},"end":{"line":78,"column":2835}},"11":{"start":{"line":82,"column":8},"end":{"line":82,"column":2980}},"12":{"start":{"line":87,"column":8},"end":{"line":87,"column":50}},"13":{"start":{"line":88,"column":8},"end":{"line":88,"column":40}},"14":{"start":{"line":96,"column":8},"end":{"line":96,"column":71}},"15":{"start":{"line":97,"column":8},"end":{"line":97,"column":3441}},"16":{"start":{"line":101,"column":8},"end":{"line":101,"column":48}},"17":{"start":{"line":102,"column":8},"end":{"line":102,"column":69}},"18":{"start":{"line":103,"column":8},"end":{"line":103,"column":30}},"19":{"start":{"line":111,"column":8},"end":{"line":111,"column":3874}},"20":{"start":{"line":116,"column":8},"end":{"line":116,"column":45}},"21":{"start":{"line":117,"column":8},"end":{"line":117,"column":64}},"22":{"start":{"line":118,"column":8},"end":{"line":118,"column":29}},"23":{"start":{"line":127,"column":8},"end":{"line":127,"column":32}},"24":{"start":{"line":128,"column":8},"end":{"line":128,"column":24}},"25":{"start":{"line":130,"column":8},"end":{"line":130,"column":4371}},"26":{"start":{"line":131,"column":12},"end":{"line":131,"column":49}},"27":{"start":{"line":132,"column":12},"end":{"line":132,"column":61}},"28":{"start":{"line":133,"column":12},"end":{"line":133,"column":49}},"29":{"start":{"line":134,"column":12},"end":{"line":134,"column":4614}},"30":{"start":{"line":135,"column":16},"end":{"line":135,"column":38}},"31":{"start":{"line":136,"column":16},"end":{"line":136,"column":39}},"32":{"start":{"line":137,"column":16},"end":{"line":137,"column":4781}},"33":{"start":{"line":143,"column":16},"end":{"line":143,"column":45}},"34":{"start":{"line":149,"column":8},"end":{"line":149,"column":45}},"35":{"start":{"line":151,"column":8},"end":{"line":151,"column":21}},"36":{"start":{"line":155,"column":8},"end":{"line":155,"column":41}},"37":{"start":{"line":156,"column":8},"end":{"line":156,"column":47}},"38":{"start":{"line":166,"column":8},"end":{"line":166,"column":5580}},"39":{"start":{"line":167,"column":12},"end":{"line":167,"column":53}},"40":{"start":{"line":168,"column":12},"end":{"line":168,"column":64}},"41":{"start":{"line":169,"column":12},"end":{"line":169,"column":23}},"42":{"start":{"line":170,"column":15},"end":{"line":170,"column":27}},"43":{"start":{"line":178,"column":8},"end":{"line":178,"column":5968}},"44":{"start":{"line":179,"column":12},"end":{"line":179,"column":56}},"45":{"start":{"line":180,"column":12},"end":{"line":180,"column":64}},"46":{"start":{"line":181,"column":12},"end":{"line":181,"column":23}},"47":{"start":{"line":182,"column":15},"end":{"line":182,"column":27}},"48":{"start":{"line":186,"column":8},"end":{"line":186,"column":35}},"49":{"start":{"line":190,"column":8},"end":{"line":190,"column":29}},"50":{"start":{"line":194,"column":8},"end":{"line":194,"column":48}},"51":{"start":{"line":198,"column":8},"end":{"line":198,"column":28}},"52":{"start":{"line":206,"column":8},"end":{"line":206,"column":64}},"53":{"start":{"line":214,"column":8},"end":{"line":214,"column":39}},"54":{"start":{"line":218,"column":8},"end":{"line":218,"column":19}}},"branchMap":{"1":{"line":78,"type":"if","locations":[{"start":{"line":78,"column":8},"end":{"line":78,"column":8}},{"start":{"line":78,"column":8},"end":{"line":78,"column":8}}]},"2":{"line":82,"type":"if","locations":[{"start":{"line":82,"column":8},"end":{"line":82,"column":8}},{"start":{"line":82,"column":8},"end":{"line":82,"column":8}}]},"3":{"line":96,"type":"if","locations":[{"start":{"line":96,"column":8},"end":{"line":96,"column":8}},{"start":{"line":96,"column":8},"end":{"line":96,"column":8}}]},"4":{"line":97,"type":"if","locations":[{"start":{"line":97,"column":8},"end":{"line":97,"column":8}},{"start":{"line":97,"column":8},"end":{"line":97,"column":8}}]},"5":{"line":111,"type":"if","locations":[{"start":{"line":111,"column":8},"end":{"line":111,"column":8}},{"start":{"line":111,"column":8},"end":{"line":111,"column":8}}]},"6":{"line":134,"type":"if","locations":[{"start":{"line":134,"column":12},"end":{"line":134,"column":12}},{"start":{"line":134,"column":12},"end":{"line":134,"column":12}}]},"7":{"line":166,"type":"if","locations":[{"start":{"line":166,"column":8},"end":{"line":166,"column":8}},{"start":{"line":166,"column":8},"end":{"line":166,"column":8}}]},"8":{"line":178,"type":"if","locations":[{"start":{"line":178,"column":8},"end":{"line":178,"column":8}},{"start":{"line":178,"column":8},"end":{"line":178,"column":8}}]}}},"contracts/UnERC20Proxy.sol":{"l":{"11":1,"15":1},"path":"/home/rachit/Projects/lendersfinance/Protocol/contracts/UnERC20Proxy.sol","s":{"1":1,"2":1},"b":{},"f":{"1":1,"2":1,"3":1},"fnMap":{"1":{"name":"constructor","line":7,"loc":{"start":{"line":6,"column":4},"end":{"line":8,"column":5}}},"2":{"name":"getImplementation","line":10,"loc":{"start":{"line":10,"column":4},"end":{"line":12,"column":4}}},"3":{"name":"upgradeTo","line":14,"loc":{"start":{"line":14,"column":4},"end":{"line":16,"column":4}}}},"statementMap":{"1":{"start":{"line":11,"column":8},"end":{"line":11,"column":32}},"2":{"start":{"line":15,"column":8},"end":{"line":15,"column":36}}},"branchMap":{}}}