{"contracts/DataProvider.sol":{"l":{"36":2,"37":2,"38":2,"46":2,"55":1,"56":1,"64":1,"65":1,"73":2,"74":2,"82":1,"83":1,"92":0,"94":0,"101":0,"110":1,"118":2,"132":4,"133":4,"135":4,"144":3,"145":3,"153":1,"157":1,"161":4,"165":1,"166":1,"167":1,"168":1,"172":2,"173":2,"174":2,"175":2},"path":"/home/rachit/Projects/lendersfinance/Protocol/contracts/DataProvider.sol","s":{"1":2,"2":2,"3":2,"4":2,"5":1,"6":1,"7":1,"8":1,"9":2,"10":2,"11":1,"12":1,"13":0,"14":0,"15":0,"16":1,"17":2,"18":4,"19":4,"20":4,"21":3,"22":3,"23":1,"24":1,"25":4,"26":1,"27":1,"28":1,"29":1,"30":2,"31":2,"32":2,"33":2},"b":{"1":[1,0],"2":[2,0]},"f":{"1":2,"2":2,"3":1,"4":1,"5":2,"6":1,"7":0,"8":1,"9":2,"10":4,"11":3,"12":1,"13":1,"14":4,"15":1,"16":2},"fnMap":{"1":{"name":"initialize","line":31,"loc":{"start":{"line":31,"column":4},"end":{"line":39,"column":4}}},"2":{"name":"getUserDetailsForGivenContract","line":41,"loc":{"start":{"line":41,"column":4},"end":{"line":47,"column":4}}},"3":{"name":"updateStatusIssueLoan","line":50,"loc":{"start":{"line":50,"column":4},"end":{"line":57,"column":4}}},"4":{"name":"updateStatusPaybackLoan","line":59,"loc":{"start":{"line":59,"column":4},"end":{"line":66,"column":4}}},"5":{"name":"updateStatusLiquidityIncr","line":68,"loc":{"start":{"line":68,"column":4},"end":{"line":75,"column":4}}},"6":{"name":"updateStatusLiquidityDecr","line":77,"loc":{"start":{"line":77,"column":4},"end":{"line":84,"column":4}}},"7":{"name":"getThePrice","line":86,"loc":{"start":{"line":86,"column":4},"end":{"line":102,"column":4}}},"8":{"name":"getInterestPaidStatus","line":104,"loc":{"start":{"line":104,"column":4},"end":{"line":111,"column":4}}},"9":{"name":"setInterestPaidStatus","line":113,"loc":{"start":{"line":113,"column":4},"end":{"line":119,"column":4}}},"10":{"name":"getValuesForInterestCalculation","line":121,"loc":{"start":{"line":121,"column":4},"end":{"line":136,"column":4}}},"11":{"name":"getContractAddress","line":138,"loc":{"start":{"line":138,"column":4},"end":{"line":146,"column":4}}},"12":{"name":"addContract","line":148,"loc":{"start":{"line":148,"column":4},"end":{"line":154,"column":4}}},"13":{"name":"getContracts","line":156,"loc":{"start":{"line":156,"column":4},"end":{"line":158,"column":4}}},"14":{"name":"returnProxy","line":160,"loc":{"start":{"line":160,"column":4},"end":{"line":162,"column":4}}},"15":{"name":"getUsedLiquidity","line":164,"loc":{"start":{"line":164,"column":4},"end":{"line":169,"column":4}}},"16":{"name":"getTotalLiquidity","line":171,"loc":{"start":{"line":171,"column":4},"end":{"line":176,"column":4}}}},"statementMap":{"1":{"start":{"line":36,"column":8},"end":{"line":36,"column":18}},"2":{"start":{"line":37,"column":8},"end":{"line":37,"column":18}},"3":{"start":{"line":38,"column":8},"end":{"line":38,"column":19}},"4":{"start":{"line":46,"column":8},"end":{"line":46,"column":46}},"5":{"start":{"line":55,"column":8},"end":{"line":55,"column":74}},"6":{"start":{"line":56,"column":8},"end":{"line":56,"column":35}},"7":{"start":{"line":64,"column":8},"end":{"line":64,"column":74}},"8":{"start":{"line":65,"column":8},"end":{"line":65,"column":36}},"9":{"start":{"line":73,"column":8},"end":{"line":73,"column":74}},"10":{"start":{"line":74,"column":8},"end":{"line":74,"column":37}},"11":{"start":{"line":82,"column":8},"end":{"line":82,"column":74}},"12":{"start":{"line":83,"column":8},"end":{"line":83,"column":37}},"13":{"start":{"line":92,"column":8},"end":{"line":92,"column":2442}},"14":{"start":{"line":94,"column":8},"end":{"line":94,"column":2525}},"15":{"start":{"line":101,"column":8},"end":{"line":101,"column":20}},"16":{"start":{"line":110,"column":8},"end":{"line":110,"column":41}},"17":{"start":{"line":118,"column":8},"end":{"line":118,"column":42}},"18":{"start":{"line":132,"column":8},"end":{"line":132,"column":51}},"19":{"start":{"line":133,"column":8},"end":{"line":133,"column":52}},"20":{"start":{"line":135,"column":8},"end":{"line":135,"column":33}},"21":{"start":{"line":144,"column":8},"end":{"line":144,"column":55}},"22":{"start":{"line":145,"column":8},"end":{"line":145,"column":20}},"23":{"start":{"line":153,"column":8},"end":{"line":153,"column":55}},"24":{"start":{"line":157,"column":8},"end":{"line":157,"column":27}},"25":{"start":{"line":161,"column":8},"end":{"line":161,"column":46}},"26":{"start":{"line":165,"column":8},"end":{"line":165,"column":45}},"27":{"start":{"line":166,"column":8},"end":{"line":166,"column":58}},"28":{"start":{"line":167,"column":8},"end":{"line":167,"column":43}},"29":{"start":{"line":168,"column":8},"end":{"line":168,"column":39}},"30":{"start":{"line":172,"column":8},"end":{"line":172,"column":45}},"31":{"start":{"line":173,"column":8},"end":{"line":173,"column":58}},"32":{"start":{"line":174,"column":8},"end":{"line":174,"column":43}},"33":{"start":{"line":175,"column":8},"end":{"line":175,"column":40}}},"branchMap":{"1":{"line":166,"type":"if","locations":[{"start":{"line":166,"column":8},"end":{"line":166,"column":8}},{"start":{"line":166,"column":8},"end":{"line":166,"column":8}}]},"2":{"line":173,"type":"if","locations":[{"start":{"line":173,"column":8},"end":{"line":173,"column":8}},{"start":{"line":173,"column":8},"end":{"line":173,"column":8}}]}}},"contracts/InterestRate.sol":{"l":{"23":2,"24":2,"32":3,"34":3,"35":3,"36":3,"46":3,"49":3,"50":3,"52":3,"53":0,"55":3,"58":3,"59":3,"67":3},"path":"/home/rachit/Projects/lendersfinance/Protocol/contracts/InterestRate.sol","s":{"1":2,"2":2,"3":3,"4":3,"5":3,"6":3,"7":3,"8":3,"9":3,"10":3,"11":0,"12":3,"13":3,"14":3,"15":3},"b":{"1":[0,3]},"f":{"1":2,"2":3,"3":3,"4":3},"fnMap":{"1":{"name":"initialize","line":20,"loc":{"start":{"line":20,"column":4},"end":{"line":25,"column":4}}},"2":{"name":"calculatePaymentAmount","line":27,"loc":{"start":{"line":27,"column":4},"end":{"line":37,"column":4}}},"3":{"name":"calculateInterest","line":40,"loc":{"start":{"line":40,"column":4},"end":{"line":60,"column":4}}},"4":{"name":"calculateSecurity","line":62,"loc":{"start":{"line":62,"column":4},"end":{"line":68,"column":4}}}},"statementMap":{"1":{"start":{"line":23,"column":8},"end":{"line":23,"column":26}},"2":{"start":{"line":24,"column":8},"end":{"line":24,"column":47}},"3":{"start":{"line":32,"column":8},"end":{"line":32,"column":78}},"4":{"start":{"line":34,"column":8},"end":{"line":34,"column":64}},"5":{"start":{"line":35,"column":8},"end":{"line":35,"column":66}},"6":{"start":{"line":36,"column":8},"end":{"line":36,"column":35}},"7":{"start":{"line":46,"column":8},"end":{"line":46,"column":1507}},"8":{"start":{"line":49,"column":8},"end":{"line":49,"column":45}},"9":{"start":{"line":50,"column":8},"end":{"line":50,"column":36}},"10":{"start":{"line":52,"column":8},"end":{"line":52,"column":1665}},"11":{"start":{"line":53,"column":12},"end":{"line":53,"column":48}},"12":{"start":{"line":55,"column":12},"end":{"line":55,"column":48}},"13":{"start":{"line":58,"column":8},"end":{"line":58,"column":46}},"14":{"start":{"line":59,"column":8},"end":{"line":59,"column":16}},"15":{"start":{"line":67,"column":8},"end":{"line":67,"column":72}}},"branchMap":{"1":{"line":52,"type":"if","locations":[{"start":{"line":52,"column":8},"end":{"line":52,"column":8}},{"start":{"line":52,"column":8},"end":{"line":52,"column":8}}]}}},"contracts/interfaces/IDataProvider.sol":{"l":{},"path":"/home/rachit/Projects/lendersfinance/Protocol/contracts/interfaces/IDataProvider.sol","s":{},"b":{},"f":{},"fnMap":{},"statementMap":{},"branchMap":{}},"contracts/interfaces/IInterestRate.sol":{"l":{},"path":"/home/rachit/Projects/lendersfinance/Protocol/contracts/interfaces/IInterestRate.sol","s":{},"b":{},"f":{},"fnMap":{},"statementMap":{},"branchMap":{}},"contracts/interfaces/ILendersFactory.sol":{"l":{},"path":"/home/rachit/Projects/lendersfinance/Protocol/contracts/interfaces/ILendersFactory.sol","s":{},"b":{},"f":{},"fnMap":{},"statementMap":{},"branchMap":{}},"contracts/interfaces/IunERC20.sol":{"l":{},"path":"/home/rachit/Projects/lendersfinance/Protocol/contracts/interfaces/IunERC20.sol","s":{},"b":{},"f":{},"fnMap":{},"statementMap":{},"branchMap":{}},"contracts/LendersFactory.sol":{"l":{"40":4,"41":4,"42":4,"43":4,"44":4,"55":1,"56":1,"58":1,"59":1,"60":1,"62":1,"63":1,"65":1,"67":1,"71":2,"76":2,"77":2,"78":2,"79":2,"80":2,"95":2,"99":1,"104":1,"106":1,"112":1,"114":1,"122":1,"123":1,"127":1,"128":1,"129":1,"133":1,"134":1,"135":1,"143":1,"145":1,"147":1,"155":1,"161":1,"165":1,"167":1,"169":1,"170":1,"174":8,"175":8,"185":7,"186":7},"path":"/home/rachit/Projects/lendersfinance/Protocol/contracts/LendersFactory.sol","s":{"1":4,"2":4,"3":4,"4":4,"5":4,"6":1,"7":1,"8":1,"9":1,"10":1,"11":1,"12":1,"13":1,"14":1,"15":2,"16":2,"17":2,"18":2,"19":2,"20":2,"21":2,"22":1,"23":1,"24":1,"25":1,"26":1,"27":1,"28":1,"29":1,"30":1,"31":1,"32":1,"33":1,"34":1,"35":1,"36":1,"37":1,"38":1,"39":1,"40":1,"41":1,"42":1,"43":1,"44":8,"45":8,"46":7,"47":7},"b":{"1":[1,0],"2":[2,0],"3":[1,0],"4":[1,0],"5":[1,0]},"f":{"1":4,"2":1,"3":2,"4":1,"5":1,"6":1,"7":1,"8":1,"9":8,"10":7},"fnMap":{"1":{"name":"constructor","line":34,"loc":{"start":{"line":34,"column":4},"end":{"line":45,"column":4}}},"2":{"name":"createLiquidityContract","line":50,"loc":{"start":{"line":50,"column":4},"end":{"line":68,"column":4}}},"3":{"name":"addLiquidity","line":70,"loc":{"start":{"line":70,"column":4},"end":{"line":96,"column":4}}},"4":{"name":"withdrawLiquidity","line":98,"loc":{"start":{"line":98,"column":4},"end":{"line":115,"column":4}}},"5":{"name":"issueLoan","line":117,"loc":{"start":{"line":117,"column":4},"end":{"line":130,"column":4}}},"6":{"name":"paybackLoan","line":132,"loc":{"start":{"line":132,"column":4},"end":{"line":140,"column":4}}},"7":{"name":"balanceSupply","line":142,"loc":{"start":{"line":142,"column":4},"end":{"line":148,"column":4}}},"8":{"name":"payInterest","line":150,"loc":{"start":{"line":150,"column":4},"end":{"line":171,"column":4}}},"9":{"name":"getContractAddress","line":173,"loc":{"start":{"line":173,"column":4},"end":{"line":176,"column":4}}},"10":{"name":"returnProxyContract","line":179,"loc":{"start":{"line":179,"column":4},"end":{"line":187,"column":4}}}},"statementMap":{"1":{"start":{"line":40,"column":8},"end":{"line":40,"column":44}},"2":{"start":{"line":41,"column":8},"end":{"line":41,"column":49}},"3":{"start":{"line":42,"column":8},"end":{"line":42,"column":35}},"4":{"start":{"line":43,"column":8},"end":{"line":43,"column":43}},"5":{"start":{"line":44,"column":8},"end":{"line":44,"column":25}},"6":{"start":{"line":55,"column":8},"end":{"line":55,"column":76}},"7":{"start":{"line":56,"column":8},"end":{"line":56,"column":1766}},"8":{"start":{"line":58,"column":8},"end":{"line":58,"column":68}},"9":{"start":{"line":59,"column":8},"end":{"line":59,"column":66}},"10":{"start":{"line":60,"column":8},"end":{"line":60,"column":45}},"11":{"start":{"line":62,"column":8},"end":{"line":62,"column":55}},"12":{"start":{"line":63,"column":8},"end":{"line":63,"column":53}},"13":{"start":{"line":65,"column":8},"end":{"line":65,"column":52}},"14":{"start":{"line":67,"column":8},"end":{"line":67,"column":55}},"15":{"start":{"line":71,"column":8},"end":{"line":71,"column":2319}},"16":{"start":{"line":76,"column":8},"end":{"line":76,"column":58}},"17":{"start":{"line":77,"column":8},"end":{"line":77,"column":61}},"18":{"start":{"line":78,"column":8},"end":{"line":78,"column":66}},"19":{"start":{"line":79,"column":8},"end":{"line":79,"column":64}},"20":{"start":{"line":80,"column":8},"end":{"line":80,"column":2746}},"21":{"start":{"line":95,"column":8},"end":{"line":95,"column":54}},"22":{"start":{"line":99,"column":8},"end":{"line":99,"column":3297}},"23":{"start":{"line":104,"column":8},"end":{"line":104,"column":72}},"24":{"start":{"line":106,"column":8},"end":{"line":106,"column":3491}},"25":{"start":{"line":112,"column":8},"end":{"line":112,"column":59}},"26":{"start":{"line":114,"column":8},"end":{"line":114,"column":58}},"27":{"start":{"line":122,"column":8},"end":{"line":122,"column":72}},"28":{"start":{"line":123,"column":8},"end":{"line":123,"column":3951}},"29":{"start":{"line":127,"column":8},"end":{"line":127,"column":66}},"30":{"start":{"line":128,"column":8},"end":{"line":128,"column":77}},"31":{"start":{"line":129,"column":8},"end":{"line":129,"column":68}},"32":{"start":{"line":133,"column":8},"end":{"line":133,"column":72}},"33":{"start":{"line":134,"column":8},"end":{"line":134,"column":56}},"34":{"start":{"line":135,"column":8},"end":{"line":135,"column":4522}},"35":{"start":{"line":143,"column":8},"end":{"line":143,"column":72}},"36":{"start":{"line":145,"column":8},"end":{"line":145,"column":58}},"37":{"start":{"line":147,"column":8},"end":{"line":147,"column":21}},"38":{"start":{"line":155,"column":8},"end":{"line":155,"column":5076}},"39":{"start":{"line":161,"column":8},"end":{"line":161,"column":5262}},"40":{"start":{"line":165,"column":8},"end":{"line":165,"column":67}},"41":{"start":{"line":167,"column":8},"end":{"line":167,"column":72}},"42":{"start":{"line":169,"column":8},"end":{"line":169,"column":65}},"43":{"start":{"line":170,"column":8},"end":{"line":170,"column":66}},"44":{"start":{"line":174,"column":8},"end":{"line":174,"column":67}},"45":{"start":{"line":175,"column":8},"end":{"line":175,"column":27}},"46":{"start":{"line":185,"column":8},"end":{"line":185,"column":67}},"47":{"start":{"line":186,"column":8},"end":{"line":186,"column":27}}},"branchMap":{"1":{"line":55,"type":"if","locations":[{"start":{"line":55,"column":8},"end":{"line":55,"column":8}},{"start":{"line":55,"column":8},"end":{"line":55,"column":8}}]},"2":{"line":71,"type":"if","locations":[{"start":{"line":71,"column":8},"end":{"line":71,"column":8}},{"start":{"line":71,"column":8},"end":{"line":71,"column":8}}]},"3":{"line":99,"type":"if","locations":[{"start":{"line":99,"column":8},"end":{"line":99,"column":8}},{"start":{"line":99,"column":8},"end":{"line":99,"column":8}}]},"4":{"line":123,"type":"if","locations":[{"start":{"line":123,"column":8},"end":{"line":123,"column":8}},{"start":{"line":123,"column":8},"end":{"line":123,"column":8}}]},"5":{"line":161,"type":"if","locations":[{"start":{"line":161,"column":8},"end":{"line":161,"column":8}},{"start":{"line":161,"column":8},"end":{"line":161,"column":8}}]}}},"contracts/libraries/helpers/Errors.sol":{"l":{},"path":"/home/rachit/Projects/lendersfinance/Protocol/contracts/libraries/helpers/Errors.sol","s":{},"b":{},"f":{},"fnMap":{},"statementMap":{},"branchMap":{}},"contracts/libraries/Math.sol":{"l":{"21":0,"22":0,"23":0,"24":0,"25":0,"27":0,"35":0,"36":0,"37":0,"38":0,"43":0,"44":0,"46":0,"50":0,"51":0,"52":0,"54":0,"59":0,"60":0,"61":0,"63":0},"path":"/home/rachit/Projects/lendersfinance/Protocol/contracts/libraries/Math.sol","s":{"1":0,"2":0,"3":0,"4":0,"5":0,"6":0,"7":0,"8":0,"9":0,"10":0,"11":0,"12":0,"13":0,"14":0,"15":0,"16":0,"17":0,"18":0,"19":0,"20":0,"21":0,"22":0,"23":0},"b":{"1":[0,0],"2":[0,0],"3":[0,0],"4":[0,0],"5":[0,0]},"f":{"1":0,"2":0,"3":0,"4":0,"5":0},"fnMap":{"1":{"name":"sqrt","line":20,"loc":{"start":{"line":20,"column":4},"end":{"line":28,"column":4}}},"2":{"name":"mexp","line":30,"loc":{"start":{"line":30,"column":4},"end":{"line":40,"column":4}}},"3":{"name":"abs","line":42,"loc":{"start":{"line":42,"column":4},"end":{"line":47,"column":4}}},"4":{"name":"u_pow","line":49,"loc":{"start":{"line":49,"column":4},"end":{"line":56,"column":4}}},"5":{"name":"pow","line":58,"loc":{"start":{"line":58,"column":4},"end":{"line":64,"column":4}}}},"statementMap":{"1":{"start":{"line":21,"column":8},"end":{"line":21,"column":25}},"2":{"start":{"line":22,"column":8},"end":{"line":22,"column":24}},"3":{"start":{"line":23,"column":8},"end":{"line":23,"column":881}},"4":{"start":{"line":24,"column":12},"end":{"line":24,"column":19}},"5":{"start":{"line":25,"column":12},"end":{"line":25,"column":30}},"6":{"start":{"line":27,"column":8},"end":{"line":27,"column":25}},"7":{"start":{"line":35,"column":8},"end":{"line":35,"column":12}},"8":{"start":{"line":36,"column":8},"end":{"line":36,"column":1140}},"9":{"start":{"line":37,"column":12},"end":{"line":37,"column":47}},"10":{"start":{"line":37,"column":28},"end":{"line":37,"column":46}},"11":{"start":{"line":38,"column":12},"end":{"line":38,"column":30}},"12":{"start":{"line":43,"column":8},"end":{"line":43,"column":1346}},"13":{"start":{"line":44,"column":12},"end":{"line":44,"column":30}},"14":{"start":{"line":46,"column":8},"end":{"line":46,"column":25}},"15":{"start":{"line":50,"column":8},"end":{"line":50,"column":28}},"16":{"start":{"line":50,"column":20},"end":{"line":50,"column":28}},"17":{"start":{"line":51,"column":8},"end":{"line":51,"column":1548}},"18":{"start":{"line":52,"column":12},"end":{"line":52,"column":38}},"19":{"start":{"line":54,"column":12},"end":{"line":54,"column":52}},"20":{"start":{"line":59,"column":8},"end":{"line":59,"column":43}},"21":{"start":{"line":60,"column":8},"end":{"line":60,"column":1818}},"22":{"start":{"line":61,"column":12},"end":{"line":61,"column":25}},"23":{"start":{"line":63,"column":8},"end":{"line":63,"column":16}}},"branchMap":{"1":{"line":37,"type":"if","locations":[{"start":{"line":37,"column":12},"end":{"line":37,"column":12}},{"start":{"line":37,"column":12},"end":{"line":37,"column":12}}]},"2":{"line":43,"type":"if","locations":[{"start":{"line":43,"column":8},"end":{"line":43,"column":8}},{"start":{"line":43,"column":8},"end":{"line":43,"column":8}}]},"3":{"line":50,"type":"if","locations":[{"start":{"line":50,"column":8},"end":{"line":50,"column":8}},{"start":{"line":50,"column":8},"end":{"line":50,"column":8}}]},"4":{"line":51,"type":"if","locations":[{"start":{"line":51,"column":8},"end":{"line":51,"column":8}},{"start":{"line":51,"column":8},"end":{"line":51,"column":8}}]},"5":{"line":60,"type":"if","locations":[{"start":{"line":60,"column":8},"end":{"line":60,"column":8}},{"start":{"line":60,"column":8},"end":{"line":60,"column":8}}]}}},"contracts/libraries/PercentageMath.sol":{"l":{"29":0,"30":0,"33":0,"38":0,"52":0,"53":0,"55":0,"60":0},"path":"/home/rachit/Projects/lendersfinance/Protocol/contracts/libraries/PercentageMath.sol","s":{"1":0,"2":0,"3":0,"4":0,"5":0,"6":0,"7":0,"8":0},"b":{"1":[0,0],"2":[0,0],"3":[0,0],"4":[0,0]},"f":{"1":0,"2":0},"fnMap":{"1":{"name":"percentMul","line":24,"loc":{"start":{"line":24,"column":4},"end":{"line":39,"column":4}}},"2":{"name":"percentDiv","line":47,"loc":{"start":{"line":47,"column":4},"end":{"line":61,"column":4}}}},"statementMap":{"1":{"start":{"line":29,"column":8},"end":{"line":29,"column":953}},"2":{"start":{"line":30,"column":12},"end":{"line":30,"column":20}},"3":{"start":{"line":33,"column":8},"end":{"line":33,"column":1031}},"4":{"start":{"line":38,"column":8},"end":{"line":38,"column":70}},"5":{"start":{"line":52,"column":8},"end":{"line":52,"column":61}},"6":{"start":{"line":53,"column":8},"end":{"line":53,"column":47}},"7":{"start":{"line":55,"column":8},"end":{"line":55,"column":1747}},"8":{"start":{"line":60,"column":8},"end":{"line":60,"column":72}}},"branchMap":{"1":{"line":29,"type":"if","locations":[{"start":{"line":29,"column":8},"end":{"line":29,"column":8}},{"start":{"line":29,"column":8},"end":{"line":29,"column":8}}]},"2":{"line":33,"type":"if","locations":[{"start":{"line":33,"column":8},"end":{"line":33,"column":8}},{"start":{"line":33,"column":8},"end":{"line":33,"column":8}}]},"3":{"line":52,"type":"if","locations":[{"start":{"line":52,"column":8},"end":{"line":52,"column":8}},{"start":{"line":52,"column":8},"end":{"line":52,"column":8}}]},"4":{"line":55,"type":"if","locations":[{"start":{"line":55,"column":8},"end":{"line":55,"column":8}},{"start":{"line":55,"column":8},"end":{"line":55,"column":8}}]}}},"contracts/libraries/WadRayMaths.sol":{"l":{"25":0,"33":0,"40":0,"47":0,"57":3,"58":0,"61":3,"66":3,"76":6,"77":6,"79":6,"84":6,"94":0,"95":0,"98":0,"103":0,"113":0,"114":0,"116":0,"121":0,"130":0,"131":0,"132":0,"134":0,"143":0,"144":0,"148":0},"path":"/home/rachit/Projects/lendersfinance/Protocol/contracts/libraries/WadRayMaths.sol","s":{"1":0,"2":0,"3":0,"4":0,"5":3,"6":0,"7":3,"8":3,"9":6,"10":6,"11":6,"12":6,"13":0,"14":0,"15":0,"16":0,"17":0,"18":0,"19":0,"20":0,"21":0,"22":0,"23":0,"24":0,"25":0,"26":0,"27":0},"b":{"1":[0,3],"2":[3,0],"3":[6,0],"4":[6,0],"5":[0,0],"6":[0,0],"7":[0,0],"8":[0,0],"9":[0,0],"10":[0,0]},"f":{"1":0,"2":0,"3":0,"4":0,"5":3,"6":6,"7":0,"8":0,"9":0,"10":0},"fnMap":{"1":{"name":"ray","line":24,"loc":{"start":{"line":24,"column":4},"end":{"line":26,"column":4}}},"2":{"name":"wad","line":32,"loc":{"start":{"line":32,"column":4},"end":{"line":34,"column":4}}},"3":{"name":"halfRay","line":39,"loc":{"start":{"line":39,"column":4},"end":{"line":41,"column":4}}},"4":{"name":"halfWad","line":46,"loc":{"start":{"line":46,"column":4},"end":{"line":48,"column":4}}},"5":{"name":"wadMul","line":56,"loc":{"start":{"line":56,"column":4},"end":{"line":67,"column":4}}},"6":{"name":"wadDiv","line":75,"loc":{"start":{"line":75,"column":4},"end":{"line":85,"column":4}}},"7":{"name":"rayMul","line":93,"loc":{"start":{"line":93,"column":4},"end":{"line":104,"column":4}}},"8":{"name":"rayDiv","line":112,"loc":{"start":{"line":112,"column":4},"end":{"line":122,"column":4}}},"9":{"name":"rayToWad","line":129,"loc":{"start":{"line":129,"column":4},"end":{"line":135,"column":4}}},"10":{"name":"wadToRay","line":142,"loc":{"start":{"line":142,"column":4},"end":{"line":149,"column":4}}}},"statementMap":{"1":{"start":{"line":25,"column":8},"end":{"line":25,"column":18}},"2":{"start":{"line":33,"column":8},"end":{"line":33,"column":18}},"3":{"start":{"line":40,"column":8},"end":{"line":40,"column":22}},"4":{"start":{"line":47,"column":8},"end":{"line":47,"column":22}},"5":{"start":{"line":57,"column":8},"end":{"line":57,"column":1331}},"6":{"start":{"line":58,"column":12},"end":{"line":58,"column":20}},"7":{"start":{"line":61,"column":8},"end":{"line":61,"column":1396}},"8":{"start":{"line":66,"column":8},"end":{"line":66,"column":38}},"9":{"start":{"line":76,"column":8},"end":{"line":76,"column":52}},"10":{"start":{"line":77,"column":8},"end":{"line":77,"column":29}},"11":{"start":{"line":79,"column":8},"end":{"line":79,"column":1898}},"12":{"start":{"line":84,"column":8},"end":{"line":84,"column":36}},"13":{"start":{"line":94,"column":8},"end":{"line":94,"column":2314}},"14":{"start":{"line":95,"column":12},"end":{"line":95,"column":20}},"15":{"start":{"line":98,"column":8},"end":{"line":98,"column":2379}},"16":{"start":{"line":103,"column":8},"end":{"line":103,"column":38}},"17":{"start":{"line":113,"column":8},"end":{"line":113,"column":52}},"18":{"start":{"line":114,"column":8},"end":{"line":114,"column":29}},"19":{"start":{"line":116,"column":8},"end":{"line":116,"column":2881}},"20":{"start":{"line":121,"column":8},"end":{"line":121,"column":36}},"21":{"start":{"line":130,"column":8},"end":{"line":130,"column":45}},"22":{"start":{"line":131,"column":8},"end":{"line":131,"column":38}},"23":{"start":{"line":132,"column":8},"end":{"line":132,"column":66}},"24":{"start":{"line":134,"column":8},"end":{"line":134,"column":37}},"25":{"start":{"line":143,"column":8},"end":{"line":143,"column":42}},"26":{"start":{"line":144,"column":8},"end":{"line":144,"column":3680}},"27":{"start":{"line":148,"column":8},"end":{"line":148,"column":21}}},"branchMap":{"1":{"line":57,"type":"if","locations":[{"start":{"line":57,"column":8},"end":{"line":57,"column":8}},{"start":{"line":57,"column":8},"end":{"line":57,"column":8}}]},"2":{"line":61,"type":"if","locations":[{"start":{"line":61,"column":8},"end":{"line":61,"column":8}},{"start":{"line":61,"column":8},"end":{"line":61,"column":8}}]},"3":{"line":76,"type":"if","locations":[{"start":{"line":76,"column":8},"end":{"line":76,"column":8}},{"start":{"line":76,"column":8},"end":{"line":76,"column":8}}]},"4":{"line":79,"type":"if","locations":[{"start":{"line":79,"column":8},"end":{"line":79,"column":8}},{"start":{"line":79,"column":8},"end":{"line":79,"column":8}}]},"5":{"line":94,"type":"if","locations":[{"start":{"line":94,"column":8},"end":{"line":94,"column":8}},{"start":{"line":94,"column":8},"end":{"line":94,"column":8}}]},"6":{"line":98,"type":"if","locations":[{"start":{"line":98,"column":8},"end":{"line":98,"column":8}},{"start":{"line":98,"column":8},"end":{"line":98,"column":8}}]},"7":{"line":113,"type":"if","locations":[{"start":{"line":113,"column":8},"end":{"line":113,"column":8}},{"start":{"line":113,"column":8},"end":{"line":113,"column":8}}]},"8":{"line":116,"type":"if","locations":[{"start":{"line":116,"column":8},"end":{"line":116,"column":8}},{"start":{"line":116,"column":8},"end":{"line":116,"column":8}}]},"9":{"line":132,"type":"if","locations":[{"start":{"line":132,"column":8},"end":{"line":132,"column":8}},{"start":{"line":132,"column":8},"end":{"line":132,"column":8}}]},"10":{"line":144,"type":"if","locations":[{"start":{"line":144,"column":8},"end":{"line":144,"column":8}},{"start":{"line":144,"column":8},"end":{"line":144,"column":8}}]}}},"contracts/Mocks/Dai.sol":{"l":{"7":8,"11":0},"path":"/home/rachit/Projects/lendersfinance/Protocol/contracts/Mocks/Dai.sol","s":{"1":8,"2":0},"b":{},"f":{"1":8,"2":0},"fnMap":{"1":{"name":"constructor","line":6,"loc":{"start":{"line":6,"column":4},"end":{"line":8,"column":4}}},"2":{"name":"mint","line":10,"loc":{"start":{"line":10,"column":4},"end":{"line":12,"column":4}}}},"statementMap":{"1":{"start":{"line":7,"column":8},"end":{"line":7,"column":32}},"2":{"start":{"line":11,"column":8},"end":{"line":11,"column":32}}},"branchMap":{}},"contracts/Mocks/MockV3Aggregator.sol":{"l":{},"path":"/home/rachit/Projects/lendersfinance/Protocol/contracts/Mocks/MockV3Aggregator.sol","s":{},"b":{},"f":{},"fnMap":{},"statementMap":{},"branchMap":{}},"contracts/Mocks/Store.sol":{"l":{},"path":"/home/rachit/Projects/lendersfinance/Protocol/contracts/Mocks/Store.sol","s":{},"b":{},"f":{"1":1},"fnMap":{"1":{"name":"constructor","line":4,"loc":{"start":{"line":4,"column":4},"end":{"line":4,"column":19}}}},"statementMap":{},"branchMap":{}},"contracts/Mocks/VRFCoordinatorMock.sol":{"l":{},"path":"/home/rachit/Projects/lendersfinance/Protocol/contracts/Mocks/VRFCoordinatorMock.sol","s":{},"b":{},"f":{},"fnMap":{},"statementMap":{},"branchMap":{}},"contracts/unERC20.sol":{"l":{"49":4,"50":4,"51":4,"52":4,"53":4,"54":4,"69":3,"70":3,"78":2,"80":2,"84":2,"89":2,"90":2,"98":6,"99":6,"103":4,"104":4,"105":4,"113":2,"118":2,"119":2,"120":2,"128":0,"135":1,"144":2,"145":2,"147":2,"148":3,"149":3,"150":3,"151":1,"152":1,"153":1,"154":1,"157":1,"160":1,"162":2,"166":2,"168":2,"170":2,"174":4,"175":4,"185":1,"186":1,"187":1,"188":1,"197":1,"198":1,"199":1,"200":1,"205":1,"209":11,"213":9,"217":6,"225":1,"233":0,"237":0},"path":"/home/rachit/Projects/lendersfinance/Protocol/contracts/unERC20.sol","s":{"1":4,"2":4,"3":4,"4":4,"5":4,"6":4,"7":3,"8":3,"9":2,"10":2,"11":2,"12":2,"13":2,"14":6,"15":6,"16":4,"17":4,"18":4,"19":2,"20":2,"21":2,"22":2,"23":0,"24":1,"25":2,"26":2,"27":2,"28":3,"29":3,"30":3,"31":1,"32":1,"33":1,"34":1,"35":1,"36":2,"37":2,"38":2,"39":4,"40":4,"41":1,"42":1,"43":1,"44":1,"45":0,"46":1,"47":1,"48":1,"49":1,"50":0,"51":1,"52":11,"53":9,"54":6,"55":1,"56":0,"57":0},"b":{"1":[2,0],"2":[2,0],"3":[6,0],"4":[4,2],"5":[2,0],"6":[1,2],"7":[1,0],"8":[1,0]},"f":{"1":4,"2":0,"3":3,"4":2,"5":6,"6":2,"7":0,"8":1,"9":2,"10":4,"11":1,"12":1,"13":1,"14":11,"15":9,"16":6,"17":1,"18":0,"19":0},"fnMap":{"1":{"name":"initialize","line":48,"loc":{"start":{"line":43,"column":4},"end":{"line":55,"column":4}}},"2":{"name":"_authorizeUpgrade","line":57,"loc":{"start":{"line":57,"column":4},"end":{"line":57,"column":69}}},"3":{"name":"increaseSupply","line":67,"loc":{"start":{"line":64,"column":4},"end":{"line":71,"column":4}}},"4":{"name":"decreaseSupply","line":76,"loc":{"start":{"line":73,"column":4},"end":{"line":91,"column":4}}},"5":{"name":"getLoan","line":97,"loc":{"start":{"line":93,"column":4},"end":{"line":106,"column":4}}},"6":{"name":"paybackLoan","line":111,"loc":{"start":{"line":108,"column":4},"end":{"line":121,"column":4}}},"7":{"name":"getSecurityPending","line":123,"loc":{"start":{"line":123,"column":4},"end":{"line":129,"column":4}}},"8":{"name":"setSecurityDeposit","line":131,"loc":{"start":{"line":131,"column":4},"end":{"line":136,"column":4}}},"9":{"name":"balanceSupply","line":141,"loc":{"start":{"line":138,"column":4},"end":{"line":171,"column":4}}},"10":{"name":"addBorrower","line":173,"loc":{"start":{"line":173,"column":4},"end":{"line":176,"column":4}}},"11":{"name":"transfer","line":179,"loc":{"start":{"line":179,"column":4},"end":{"line":190,"column":4}}},"12":{"name":"transferFrom","line":192,"loc":{"start":{"line":192,"column":4},"end":{"line":202,"column":4}}},"13":{"name":"getLiquidityByAddress","line":204,"loc":{"start":{"line":204,"column":4},"end":{"line":206,"column":4}}},"14":{"name":"getTotalLiquidity","line":208,"loc":{"start":{"line":208,"column":4},"end":{"line":210,"column":4}}},"15":{"name":"getAvailaibleSupply","line":212,"loc":{"start":{"line":212,"column":4},"end":{"line":214,"column":4}}},"16":{"name":"getUsedLiquidity","line":216,"loc":{"start":{"line":216,"column":4},"end":{"line":218,"column":4}}},"17":{"name":"getBorrowerDetails","line":220,"loc":{"start":{"line":220,"column":4},"end":{"line":226,"column":4}}},"18":{"name":"getBalanceSupplyCallPending","line":228,"loc":{"start":{"line":228,"column":4},"end":{"line":234,"column":4}}},"19":{"name":"getTokenAddress","line":236,"loc":{"start":{"line":236,"column":4},"end":{"line":238,"column":4}}}},"statementMap":{"1":{"start":{"line":49,"column":8},"end":{"line":49,"column":33}},"2":{"start":{"line":50,"column":8},"end":{"line":50,"column":35}},"3":{"start":{"line":51,"column":8},"end":{"line":51,"column":46}},"4":{"start":{"line":52,"column":8},"end":{"line":52,"column":35}},"5":{"start":{"line":53,"column":8},"end":{"line":53,"column":39}},"6":{"start":{"line":54,"column":8},"end":{"line":54,"column":44}},"7":{"start":{"line":69,"column":8},"end":{"line":69,"column":43}},"8":{"start":{"line":70,"column":8},"end":{"line":70,"column":31}},"9":{"start":{"line":78,"column":8},"end":{"line":78,"column":56}},"10":{"start":{"line":80,"column":8},"end":{"line":80,"column":2935}},"11":{"start":{"line":84,"column":8},"end":{"line":84,"column":3080}},"12":{"start":{"line":89,"column":8},"end":{"line":89,"column":50}},"13":{"start":{"line":90,"column":8},"end":{"line":90,"column":40}},"14":{"start":{"line":98,"column":8},"end":{"line":98,"column":71}},"15":{"start":{"line":99,"column":8},"end":{"line":99,"column":3541}},"16":{"start":{"line":103,"column":8},"end":{"line":103,"column":48}},"17":{"start":{"line":104,"column":8},"end":{"line":104,"column":69}},"18":{"start":{"line":105,"column":8},"end":{"line":105,"column":30}},"19":{"start":{"line":113,"column":8},"end":{"line":113,"column":3974}},"20":{"start":{"line":118,"column":8},"end":{"line":118,"column":45}},"21":{"start":{"line":119,"column":8},"end":{"line":119,"column":64}},"22":{"start":{"line":120,"column":8},"end":{"line":120,"column":29}},"23":{"start":{"line":128,"column":8},"end":{"line":128,"column":36}},"24":{"start":{"line":135,"column":8},"end":{"line":135,"column":39}},"25":{"start":{"line":144,"column":8},"end":{"line":144,"column":32}},"26":{"start":{"line":145,"column":8},"end":{"line":145,"column":24}},"27":{"start":{"line":147,"column":8},"end":{"line":147,"column":4777}},"28":{"start":{"line":148,"column":12},"end":{"line":148,"column":49}},"29":{"start":{"line":149,"column":12},"end":{"line":149,"column":61}},"30":{"start":{"line":150,"column":12},"end":{"line":150,"column":4969}},"31":{"start":{"line":151,"column":16},"end":{"line":151,"column":65}},"32":{"start":{"line":152,"column":16},"end":{"line":152,"column":44}},"33":{"start":{"line":153,"column":16},"end":{"line":153,"column":51}},"34":{"start":{"line":154,"column":16},"end":{"line":154,"column":5221}},"35":{"start":{"line":160,"column":16},"end":{"line":160,"column":45}},"36":{"start":{"line":166,"column":8},"end":{"line":166,"column":45}},"37":{"start":{"line":168,"column":8},"end":{"line":168,"column":49}},"38":{"start":{"line":170,"column":8},"end":{"line":170,"column":21}},"39":{"start":{"line":174,"column":8},"end":{"line":174,"column":41}},"40":{"start":{"line":175,"column":8},"end":{"line":175,"column":47}},"41":{"start":{"line":185,"column":8},"end":{"line":185,"column":6072}},"42":{"start":{"line":186,"column":12},"end":{"line":186,"column":53}},"43":{"start":{"line":187,"column":12},"end":{"line":187,"column":64}},"44":{"start":{"line":188,"column":12},"end":{"line":188,"column":23}},"45":{"start":{"line":189,"column":15},"end":{"line":189,"column":27}},"46":{"start":{"line":197,"column":8},"end":{"line":197,"column":6460}},"47":{"start":{"line":198,"column":12},"end":{"line":198,"column":56}},"48":{"start":{"line":199,"column":12},"end":{"line":199,"column":64}},"49":{"start":{"line":200,"column":12},"end":{"line":200,"column":23}},"50":{"start":{"line":201,"column":15},"end":{"line":201,"column":27}},"51":{"start":{"line":205,"column":8},"end":{"line":205,"column":35}},"52":{"start":{"line":209,"column":8},"end":{"line":209,"column":29}},"53":{"start":{"line":213,"column":8},"end":{"line":213,"column":48}},"54":{"start":{"line":217,"column":8},"end":{"line":217,"column":28}},"55":{"start":{"line":225,"column":8},"end":{"line":225,"column":64}},"56":{"start":{"line":233,"column":8},"end":{"line":233,"column":39}},"57":{"start":{"line":237,"column":8},"end":{"line":237,"column":19}}},"branchMap":{"1":{"line":80,"type":"if","locations":[{"start":{"line":80,"column":8},"end":{"line":80,"column":8}},{"start":{"line":80,"column":8},"end":{"line":80,"column":8}}]},"2":{"line":84,"type":"if","locations":[{"start":{"line":84,"column":8},"end":{"line":84,"column":8}},{"start":{"line":84,"column":8},"end":{"line":84,"column":8}}]},"3":{"line":98,"type":"if","locations":[{"start":{"line":98,"column":8},"end":{"line":98,"column":8}},{"start":{"line":98,"column":8},"end":{"line":98,"column":8}}]},"4":{"line":99,"type":"if","locations":[{"start":{"line":99,"column":8},"end":{"line":99,"column":8}},{"start":{"line":99,"column":8},"end":{"line":99,"column":8}}]},"5":{"line":113,"type":"if","locations":[{"start":{"line":113,"column":8},"end":{"line":113,"column":8}},{"start":{"line":113,"column":8},"end":{"line":113,"column":8}}]},"6":{"line":150,"type":"if","locations":[{"start":{"line":150,"column":12},"end":{"line":150,"column":12}},{"start":{"line":150,"column":12},"end":{"line":150,"column":12}}]},"7":{"line":185,"type":"if","locations":[{"start":{"line":185,"column":8},"end":{"line":185,"column":8}},{"start":{"line":185,"column":8},"end":{"line":185,"column":8}}]},"8":{"line":197,"type":"if","locations":[{"start":{"line":197,"column":8},"end":{"line":197,"column":8}},{"start":{"line":197,"column":8},"end":{"line":197,"column":8}}]}}},"contracts/UnERC20Proxy.sol":{"l":{"11":1,"15":1},"path":"/home/rachit/Projects/lendersfinance/Protocol/contracts/UnERC20Proxy.sol","s":{"1":1,"2":1},"b":{},"f":{"1":4,"2":1,"3":1},"fnMap":{"1":{"name":"constructor","line":7,"loc":{"start":{"line":6,"column":4},"end":{"line":8,"column":5}}},"2":{"name":"getImplementation","line":10,"loc":{"start":{"line":10,"column":4},"end":{"line":12,"column":4}}},"3":{"name":"upgradeTo","line":14,"loc":{"start":{"line":14,"column":4},"end":{"line":16,"column":4}}}},"statementMap":{"1":{"start":{"line":11,"column":8},"end":{"line":11,"column":32}},"2":{"start":{"line":15,"column":8},"end":{"line":15,"column":36}}},"branchMap":{}}}